n = 6 / n_2 = 1, 3 / n_3 = 1
n = 10 / n_2 = 1, 5 / n_5 = 1
n = 12 / n_2 = 1, 3 / n_3 = 1, 4
n = 14 / n_2 = 1, 7 / n_7 = 1
n = 18 / n_2 = 1, 3, 9 / n_3 = 1
n = 20 / n_2 = 1, 5 / n_5 = 1
n = 22 / n_2 = 1, 11 / n_11 = 1
n = 24 / n_2 = 1, 3 / n_3 = 1, 4
n = 26 / n_2 = 1, 13 / n_13 = 1
n = 28 / n_2 = 1, 7 / n_7 = 1
n = 30 / n_2 = 1, 3, 5, 15 / n_3 = 1, 10 / n_5 = 1, 6
n = 34 / n_2 = 1, 17 / n_17 = 1
n = 36 / n_2 = 1, 3, 9 / n_3 = 1, 4
n = 38 / n_2 = 1, 19 / n_19 = 1
n = 40 / n_2 = 1, 5 / n_5 = 1
n = 42 / n_2 = 1, 3, 7, 21 / n_3 = 1, 7 / n_7 = 1
n = 44 / n_2 = 1, 11 / n_11 = 1
n = 46 / n_2 = 1, 23 / n_23 = 1
n = 48 / n_2 = 1, 3 / n_3 = 1, 4, 16
n = 50 / n_2 = 1, 5, 25 / n_5 = 1
n = 52 / n_2 = 1, 13 / n_13 = 1
n = 54 / n_2 = 1, 3, 9, 27 / n_3 = 1
n = 56 / n_2 = 1, 7 / n_7 = 1, 8
n = 58 / n_2 = 1, 29 / n_29 = 1
n = 60 / n_2 = 1, 3, 5, 15 / n_3 = 1, 4, 10 / n_5 = 1, 6
n = 62 / n_2 = 1, 31 / n_31 = 1
n = 66 / n_2 = 1, 3, 11, 33 / n_3 = 1, 22 / n_11 = 1
n = 68 / n_2 = 1, 17 / n_17 = 1
n = 70 / n_2 = 1, 5, 7, 35 / n_5 = 1 / n_7 = 1
n = 72 / n_2 = 1, 3, 9 / n_3 = 1, 4
n = 74 / n_2 = 1, 37 / n_37 = 1
n = 76 / n_2 = 1, 19 / n_19 = 1
n = 78 / n_2 = 1, 3, 13, 39 / n_3 = 1, 13 / n_13 = 1
n = 80 / n_2 = 1, 5 / n_5 = 1, 16
n = 82 / n_2 = 1, 41 / n_41 = 1
n = 84 / n_2 = 1, 3, 7, 21 / n_3 = 1, 4, 7, 28 / n_7 = 1
n = 86 / n_2 = 1, 43 / n_43 = 1
n = 88 / n_2 = 1, 11 / n_11 = 1
n = 90 / n_2 = 1, 3, 5, 9, 15, 45 / n_3 = 1, 10 / n_5 = 1, 6
n = 92 / n_2 = 1, 23 / n_23 = 1
n = 94 / n_2 = 1, 47 / n_47 = 1
n = 96 / n_2 = 1, 3 / n_3 = 1, 4, 16
n = 98 / n_2 = 1, 7, 49 / n_7 = 1
n = 100 / n_2 = 1, 5, 25 / n_5 = 1
n = 102 / n_2 = 1, 3, 17, 51 / n_3 = 1, 34 / n_17 = 1
n = 104 / n_2 = 1, 13 / n_13 = 1
n = 106 / n_2 = 1, 53 / n_53 = 1
n = 108 / n_2 = 1, 3, 9, 27 / n_3 = 1, 4
n = 110 / n_2 = 1, 5, 11, 55 / n_5 = 1, 11 / n_11 = 1
n = 112 / n_2 = 1, 7 / n_7 = 1, 8
n = 114 / n_2 = 1, 3, 19, 57 / n_3 = 1, 19 / n_19 = 1
n = 116 / n_2 = 1, 29 / n_29 = 1
n = 118 / n_2 = 1, 59 / n_59 = 1
n = 120 / n_2 = 1, 3, 5, 15 / n_3 = 1, 4, 10, 40 / n_5 = 1, 6
n = 122 / n_2 = 1, 61 / n_61 = 1
n = 124 / n_2 = 1, 31 / n_31 = 1
n = 126 / n_2 = 1, 3, 7, 9, 21, 63 / n_3 = 1, 7 / n_7 = 1
n = 130 / n_2 = 1, 5, 13, 65 / n_5 = 1, 26 / n_13 = 1
n = 132 / n_2 = 1, 3, 11, 33 / n_3 = 1, 4, 22 / n_11 = 1, 12
n = 134 / n_2 = 1, 67 / n_67 = 1
n = 136 / n_2 = 1, 17 / n_17 = 1
n = 138 / n_2 = 1, 3, 23, 69 / n_3 = 1, 46 / n_23 = 1
n = 140 / n_2 = 1, 5, 7, 35 / n_5 = 1 / n_7 = 1
n = 142 / n_2 = 1, 71 / n_71 = 1
n = 144 / n_2 = 1, 3, 9 / n_3 = 1, 4, 16
n = 146 / n_2 = 1, 73 / n_73 = 1
n = 148 / n_2 = 1, 37 / n_37 = 1
n = 150 / n_2 = 1, 3, 5, 15, 25, 75 / n_3 = 1, 10, 25 / n_5 = 1, 6
n = 152 / n_2 = 1, 19 / n_19 = 1
n = 154 / n_2 = 1, 7, 11, 77 / n_7 = 1, 22 / n_11 = 1
n = 156 / n_2 = 1, 3, 13, 39 / n_3 = 1, 4, 13, 52 / n_13 = 1
n = 158 / n_2 = 1, 79 / n_79 = 1
n = 160 / n_2 = 1, 5 / n_5 = 1, 16
n = 162 / n_2 = 1, 3, 9, 27, 81 / n_3 = 1
n = 164 / n_2 = 1, 41 / n_41 = 1
n = 166 / n_2 = 1, 83 / n_83 = 1
n = 168 / n_2 = 1, 3, 7, 21 / n_3 = 1, 4, 7, 28 / n_7 = 1, 8
n = 170 / n_2 = 1, 5, 17, 85 / n_5 = 1 / n_17 = 1
n = 172 / n_2 = 1, 43 / n_43 = 1
n = 174 / n_2 = 1, 3, 29, 87 / n_3 = 1, 58 / n_29 = 1
n = 176 / n_2 = 1, 11 / n_11 = 1
n = 178 / n_2 = 1, 89 / n_89 = 1
n = 180 / n_2 = 1, 3, 5, 9, 15, 45 / n_3 = 1, 4, 10 / n_5 = 1, 6, 36
n = 182 / n_2 = 1, 7, 13, 91 / n_7 = 1 / n_13 = 1, 14
n = 184 / n_2 = 1, 23 / n_23 = 1
n = 186 / n_2 = 1, 3, 31, 93 / n_3 = 1, 31 / n_31 = 1
n = 188 / n_2 = 1, 47 / n_47 = 1
n = 190 / n_2 = 1, 5, 19, 95 / n_5 = 1 / n_19 = 1
n = 192 / n_2 = 1, 3 / n_3 = 1, 4, 16, 64
n = 194 / n_2 = 1, 97 / n_97 = 1
n = 196 / n_2 = 1, 7, 49 / n_7 = 1
n = 198 / n_2 = 1, 3, 9, 11, 33, 99 / n_3 = 1, 22 / n_11 = 1
n = 200 / n_2 = 1, 5, 25 / n_5 = 1
n = 202 / n_2 = 1, 101 / n_101 = 1
n = 204 / n_2 = 1, 3, 17, 51 / n_3 = 1, 4, 34 / n_17 = 1
n = 206 / n_2 = 1, 103 / n_103 = 1
n = 208 / n_2 = 1, 13 / n_13 = 1
n = 210 / n_2 = 1, 3, 5, 7, 15, 21, 35, 105 / n_3 = 1, 7, 10, 70 / n_5 = 1, 6, 21 / n_7 = 1, 15
n = 212 / n_2 = 1, 53 / n_53 = 1
n = 214 / n_2 = 1, 107 / n_107 = 1
n = 216 / n_2 = 1, 3, 9, 27 / n_3 = 1, 4
n = 218 / n_2 = 1, 109 / n_109 = 1
n = 220 / n_2 = 1, 5, 11, 55 / n_5 = 1, 11 / n_11 = 1
n = 222 / n_2 = 1, 3, 37, 111 / n_3 = 1, 37 / n_37 = 1
n = 224 / n_2 = 1, 7 / n_7 = 1, 8
n = 226 / n_2 = 1, 113 / n_113 = 1
n = 228 / n_2 = 1, 3, 19, 57 / n_3 = 1, 4, 19, 76 / n_19 = 1
n = 230 / n_2 = 1, 5, 23, 115 / n_5 = 1, 46 / n_23 = 1
n = 232 / n_2 = 1, 29 / n_29 = 1
n = 234 / n_2 = 1, 3, 9, 13, 39, 117 / n_3 = 1, 13 / n_13 = 1
n = 236 / n_2 = 1, 59 / n_59 = 1
n = 238 / n_2 = 1, 7, 17, 119 / n_7 = 1 / n_17 = 1
n = 240 / n_2 = 1, 3, 5, 15 / n_3 = 1, 4, 10, 16, 40 / n_5 = 1, 6, 16
n = 242 / n_2 = 1, 11, 121 / n_11 = 1
n = 244 / n_2 = 1, 61 / n_61 = 1
n = 246 / n_2 = 1, 3, 41, 123 / n_3 = 1, 82 / n_41 = 1
n = 248 / n_2 = 1, 31 / n_31 = 1
n = 250 / n_2 = 1, 5, 25, 125 / n_5 = 1
n = 252 / n_2 = 1, 3, 7, 9, 21, 63 / n_3 = 1, 4, 7, 28 / n_7 = 1, 36
n = 254 / n_2 = 1, 127 / n_127 = 1
n = 258 / n_2 = 1, 3, 43, 129 / n_3 = 1, 43 / n_43 = 1
n = 260 / n_2 = 1, 5, 13, 65 / n_5 = 1, 26 / n_13 = 1
n = 262 / n_2 = 1, 131 / n_131 = 1
n = 264 / n_2 = 1, 3, 11, 33 / n_3 = 1, 4, 22, 88 / n_11 = 1, 12
n = 266 / n_2 = 1, 7, 19, 133 / n_7 = 1 / n_19 = 1
n = 268 / n_2 = 1, 67 / n_67 = 1
n = 270 / n_2 = 1, 3, 5, 9, 15, 27, 45, 135 / n_3 = 1, 10 / n_5 = 1, 6
n = 272 / n_2 = 1, 17 / n_17 = 1
n = 274 / n_2 = 1, 137 / n_137 = 1
n = 276 / n_2 = 1, 3, 23, 69 / n_3 = 1, 4, 46 / n_23 = 1
n = 278 / n_2 = 1, 139 / n_139 = 1
n = 280 / n_2 = 1, 5, 7, 35 / n_5 = 1, 56 / n_7 = 1, 8
n = 282 / n_2 = 1, 3, 47, 141 / n_3 = 1, 94 / n_47 = 1
n = 284 / n_2 = 1, 71 / n_71 = 1
n = 286 / n_2 = 1, 11, 13, 143 / n_11 = 1 / n_13 = 1
n = 288 / n_2 = 1, 3, 9 / n_3 = 1, 4, 16
n = 290 / n_2 = 1, 5, 29, 145 / n_5 = 1 / n_29 = 1
n = 292 / n_2 = 1, 73 / n_73 = 1
n = 294 / n_2 = 1, 3, 7, 21, 49, 147 / n_3 = 1, 7, 49 / n_7 = 1
n = 296 / n_2 = 1, 37 / n_37 = 1
n = 298 / n_2 = 1, 149 / n_149 = 1
n = 300 / n_2 = 1, 3, 5, 15, 25, 75 / n_3 = 1, 4, 10, 25, 100 / n_5 = 1, 6
n = 302 / n_2 = 1, 151 / n_151 = 1
n = 304 / n_2 = 1, 19 / n_19 = 1
n = 306 / n_2 = 1, 3, 9, 17, 51, 153 / n_3 = 1, 34 / n_17 = 1, 18
n = 308 / n_2 = 1, 7, 11, 77 / n_7 = 1, 22 / n_11 = 1
n = 310 / n_2 = 1, 5, 31, 155 / n_5 = 1, 31 / n_31 = 1
n = 312 / n_2 = 1, 3, 13, 39 / n_3 = 1, 4, 13, 52 / n_13 = 1
n = 314 / n_2 = 1, 157 / n_157 = 1
n = 316 / n_2 = 1, 79 / n_79 = 1
n = 318 / n_2 = 1, 3, 53, 159 / n_3 = 1, 106 / n_53 = 1
n = 320 / n_2 = 1, 5 / n_5 = 1, 16
n = 322 / n_2 = 1, 7, 23, 161 / n_7 = 1 / n_23 = 1
n = 324 / n_2 = 1, 3, 9, 27, 81 / n_3 = 1, 4
n = 326 / n_2 = 1, 163 / n_163 = 1
n = 328 / n_2 = 1, 41 / n_41 = 1
n = 330 / n_2 = 1, 3, 5, 11, 15, 33, 55, 165 / n_3 = 1, 10, 22, 55 / n_5 = 1, 6, 11, 66 / n_11 = 1
n = 332 / n_2 = 1, 83 / n_83 = 1
n = 334 / n_2 = 1, 167 / n_167 = 1
n = 336 / n_2 = 1, 3, 7, 21 / n_3 = 1, 4, 7, 16, 28, 112 / n_7 = 1, 8
n = 338 / n_2 = 1, 13, 169 / n_13 = 1
n = 340 / n_2 = 1, 5, 17, 85 / n_5 = 1 / n_17 = 1
n = 342 / n_2 = 1, 3, 9, 19, 57, 171 / n_3 = 1, 19 / n_19 = 1
n = 344 / n_2 = 1, 43 / n_43 = 1
n = 346 / n_2 = 1, 173 / n_173 = 1
n = 348 / n_2 = 1, 3, 29, 87 / n_3 = 1, 4, 58 / n_29 = 1
n = 350 / n_2 = 1, 5, 7, 25, 35, 175 / n_5 = 1 / n_7 = 1, 50
n = 352 / n_2 = 1, 11 / n_11 = 1
n = 354 / n_2 = 1, 3, 59, 177 / n_3 = 1, 118 / n_59 = 1
n = 356 / n_2 = 1, 89 / n_89 = 1
n = 358 / n_2 = 1, 179 / n_179 = 1
n = 360 / n_2 = 1, 3, 5, 9, 15, 45 / n_3 = 1, 4, 10, 40 / n_5 = 1, 6, 36
n = 362 / n_2 = 1, 181 / n_181 = 1
n = 364 / n_2 = 1, 7, 13, 91 / n_7 = 1 / n_13 = 1, 14
n = 366 / n_2 = 1, 3, 61, 183 / n_3 = 1, 61 / n_61 = 1
n = 368 / n_2 = 1, 23 / n_23 = 1
n = 370 / n_2 = 1, 5, 37, 185 / n_5 = 1 / n_37 = 1
n = 372 / n_2 = 1, 3, 31, 93 / n_3 = 1, 4, 31, 124 / n_31 = 1
n = 374 / n_2 = 1, 11, 17, 187 / n_11 = 1, 34 / n_17 = 1
n = 376 / n_2 = 1, 47 / n_47 = 1
n = 378 / n_2 = 1, 3, 7, 9, 21, 27, 63, 189 / n_3 = 1, 7 / n_7 = 1
n = 380 / n_2 = 1, 5, 19, 95 / n_5 = 1, 76 / n_19 = 1, 20
n = 382 / n_2 = 1, 191 / n_191 = 1
n = 384 / n_2 = 1, 3 / n_3 = 1, 4, 16, 64
n = 386 / n_2 = 1, 193 / n_193 = 1
n = 388 / n_2 = 1, 97 / n_97 = 1
n = 390 / n_2 = 1, 3, 5, 13, 15, 39, 65, 195 / n_3 = 1, 10, 13, 130 / n_5 = 1, 6, 26 / n_13 = 1
n = 392 / n_2 = 1, 7, 49 / n_7 = 1, 8
n = 394 / n_2 = 1, 197 / n_197 = 1
n = 396 / n_2 = 1, 3, 9, 11, 33, 99 / n_3 = 1, 4, 22 / n_11 = 1, 12
n = 398 / n_2 = 1, 199 / n_199 = 1
n = 400 / n_2 = 1, 5, 25 / n_5 = 1, 16
n = 402 / n_2 = 1, 3, 67, 201 / n_3 = 1, 67 / n_67 = 1
n = 404 / n_2 = 1, 101 / n_101 = 1
n = 406 / n_2 = 1, 7, 29, 203 / n_7 = 1, 29 / n_29 = 1
n = 408 / n_2 = 1, 3, 17, 51 / n_3 = 1, 4, 34, 136 / n_17 = 1
n = 410 / n_2 = 1, 5, 41, 205 / n_5 = 1, 41 / n_41 = 1
n = 412 / n_2 = 1, 103 / n_103 = 1
n = 414 / n_2 = 1, 3, 9, 23, 69, 207 / n_3 = 1, 46 / n_23 = 1
n = 416 / n_2 = 1, 13 / n_13 = 1
n = 418 / n_2 = 1, 11, 19, 209 / n_11 = 1 / n_19 = 1
n = 420 / n_2 = 1, 3, 5, 7, 15, 21, 35, 105 / n_3 = 1, 4, 7, 10, 28, 70 / n_5 = 1, 6, 21 / n_7 = 1, 15
n = 422 / n_2 = 1, 211 / n_211 = 1
n = 424 / n_2 = 1, 53 / n_53 = 1
n = 426 / n_2 = 1, 3, 71, 213 / n_3 = 1, 142 / n_71 = 1
n = 428 / n_2 = 1, 107 / n_107 = 1
n = 430 / n_2 = 1, 5, 43, 215 / n_5 = 1, 86 / n_43 = 1
n = 432 / n_2 = 1, 3, 9, 27 / n_3 = 1, 4, 16
n = 434 / n_2 = 1, 7, 31, 217 / n_7 = 1 / n_31 = 1
n = 436 / n_2 = 1, 109 / n_109 = 1
n = 438 / n_2 = 1, 3, 73, 219 / n_3 = 1, 73 / n_73 = 1
n = 440 / n_2 = 1, 5, 11, 55 / n_5 = 1, 11 / n_11 = 1
n = 442 / n_2 = 1, 13, 17, 221 / n_13 = 1 / n_17 = 1
n = 444 / n_2 = 1, 3, 37, 111 / n_3 = 1, 4, 37, 148 / n_37 = 1
n = 446 / n_2 = 1, 223 / n_223 = 1
n = 448 / n_2 = 1, 7 / n_7 = 1, 8, 64
n = 450 / n_2 = 1, 3, 5, 9, 15, 25, 45, 75, 225 / n_3 = 1, 10, 25 / n_5 = 1, 6
n = 452 / n_2 = 1, 113 / n_113 = 1
n = 454 / n_2 = 1, 227 / n_227 = 1
n = 456 / n_2 = 1, 3, 19, 57 / n_3 = 1, 4, 19, 76 / n_19 = 1
n = 458 / n_2 = 1, 229 / n_229 = 1
n = 460 / n_2 = 1, 5, 23, 115 / n_5 = 1, 46 / n_23 = 1
n = 462 / n_2 = 1, 3, 7, 11, 21, 33, 77, 231 / n_3 = 1, 7, 22, 154 / n_7 = 1, 22 / n_11 = 1
n = 464 / n_2 = 1, 29 / n_29 = 1
n = 466 / n_2 = 1, 233 / n_233 = 1
n = 468 / n_2 = 1, 3, 9, 13, 39, 117 / n_3 = 1, 4, 13, 52 / n_13 = 1
n = 470 / n_2 = 1, 5, 47, 235 / n_5 = 1 / n_47 = 1
n = 472 / n_2 = 1, 59 / n_59 = 1
n = 474 / n_2 = 1, 3, 79, 237 / n_3 = 1, 79 / n_79 = 1
n = 476 / n_2 = 1, 7, 17, 119 / n_7 = 1 / n_17 = 1
n = 478 / n_2 = 1, 239 / n_239 = 1
n = 480 / n_2 = 1, 3, 5, 15 / n_3 = 1, 4, 10, 16, 40, 160 / n_5 = 1, 6, 16, 96
n = 482 / n_2 = 1, 241 / n_241 = 1
n = 484 / n_2 = 1, 11, 121 / n_11 = 1
n = 486 / n_2 = 1, 3, 9, 27, 81, 243 / n_3 = 1
n = 488 / n_2 = 1, 61 / n_61 = 1
n = 490 / n_2 = 1, 5, 7, 35, 49, 245 / n_5 = 1 / n_7 = 1
n = 492 / n_2 = 1, 3, 41, 123 / n_3 = 1, 4, 82 / n_41 = 1
n = 494 / n_2 = 1, 13, 19, 247 / n_13 = 1 / n_19 = 1
n = 496 / n_2 = 1, 31 / n_31 = 1
n = 498 / n_2 = 1, 3, 83, 249 / n_3 = 1, 166 / n_83 = 1
n = 500 / n_2 = 1, 5, 25, 125 / n_5 = 1
n = 502 / n_2 = 1, 251 / n_251 = 1
n = 504 / n_2 = 1, 3, 7, 9, 21, 63 / n_3 = 1, 4, 7, 28 / n_7 = 1, 8, 36
n = 506 / n_2 = 1, 11, 23, 253 / n_11 = 1, 23 / n_23 = 1
n = 508 / n_2 = 1, 127 / n_127 = 1
n = 510 / n_2 = 1, 3, 5, 15, 17, 51, 85, 255 / n_3 = 1, 10, 34, 85 / n_5 = 1, 6, 51 / n_17 = 1
n = 514 / n_2 = 1, 257 / n_257 = 1
n = 516 / n_2 = 1, 3, 43, 129 / n_3 = 1, 4, 43, 172 / n_43 = 1
n = 518 / n_2 = 1, 7, 37, 259 / n_7 = 1 / n_37 = 1
n = 520 / n_2 = 1, 5, 13, 65 / n_5 = 1, 26 / n_13 = 1, 40
n = 522 / n_2 = 1, 3, 9, 29, 87, 261 / n_3 = 1, 58 / n_29 = 1
n = 524 / n_2 = 1, 131 / n_131 = 1
n = 526 / n_2 = 1, 263 / n_263 = 1
n = 528 / n_2 = 1, 3, 11, 33 / n_3 = 1, 4, 16, 22, 88 / n_11 = 1, 12
n = 530 / n_2 = 1, 5, 53, 265 / n_5 = 1, 106 / n_53 = 1
n = 532 / n_2 = 1, 7, 19, 133 / n_7 = 1 / n_19 = 1
n = 534 / n_2 = 1, 3, 89, 267 / n_3 = 1, 178 / n_89 = 1
n = 536 / n_2 = 1, 67 / n_67 = 1
n = 538 / n_2 = 1, 269 / n_269 = 1
n = 540 / n_2 = 1, 3, 5, 9, 15, 27, 45, 135 / n_3 = 1, 4, 10 / n_5 = 1, 6, 36
n = 542 / n_2 = 1, 271 / n_271 = 1
n = 544 / n_2 = 1, 17 / n_17 = 1
n = 546 / n_2 = 1, 3, 7, 13, 21, 39, 91, 273 / n_3 = 1, 7, 13, 91 / n_7 = 1, 78 / n_13 = 1, 14
n = 548 / n_2 = 1, 137 / n_137 = 1
n = 550 / n_2 = 1, 5, 11, 25, 55, 275 / n_5 = 1, 11 / n_11 = 1
n = 552 / n_2 = 1, 3, 23, 69 / n_3 = 1, 4, 46, 184 / n_23 = 1, 24
n = 554 / n_2 = 1, 277 / n_277 = 1
n = 556 / n_2 = 1, 139 / n_139 = 1
n = 558 / n_2 = 1, 3, 9, 31, 93, 279 / n_3 = 1, 31 / n_31 = 1
n = 560 / n_2 = 1, 5, 7, 35 / n_5 = 1, 16, 56 / n_7 = 1, 8
n = 562 / n_2 = 1, 281 / n_281 = 1
n = 564 / n_2 = 1, 3, 47, 141 / n_3 = 1, 4, 94 / n_47 = 1
n = 566 / n_2 = 1, 283 / n_283 = 1
n = 568 / n_2 = 1, 71 / n_71 = 1
n = 570 / n_2 = 1, 3, 5, 15, 19, 57, 95, 285 / n_3 = 1, 10, 19, 190 / n_5 = 1, 6 / n_19 = 1
n = 572 / n_2 = 1, 11, 13, 143 / n_11 = 1 / n_13 = 1
n = 574 / n_2 = 1, 7, 41, 287 / n_7 = 1 / n_41 = 1
n = 576 / n_2 = 1, 3, 9 / n_3 = 1, 4, 16, 64
n = 578 / n_2 = 1, 17, 289 / n_17 = 1
n = 580 / n_2 = 1, 5, 29, 145 / n_5 = 1, 116 / n_29 = 1
n = 582 / n_2 = 1, 3, 97, 291 / n_3 = 1, 97 / n_97 = 1
n = 584 / n_2 = 1, 73 / n_73 = 1
n = 586 / n_2 = 1, 293 / n_293 = 1
n = 588 / n_2 = 1, 3, 7, 21, 49, 147 / n_3 = 1, 4, 7, 28, 49, 196 / n_7 = 1
n = 590 / n_2 = 1, 5, 59, 295 / n_5 = 1 / n_59 = 1
n = 592 / n_2 = 1, 37 / n_37 = 1
n = 594 / n_2 = 1, 3, 9, 11, 27, 33, 99, 297 / n_3 = 1, 22 / n_11 = 1
n = 596 / n_2 = 1, 149 / n_149 = 1
n = 598 / n_2 = 1, 13, 23, 299 / n_13 = 1 / n_23 = 1
n = 600 / n_2 = 1, 3, 5, 15, 25, 75 / n_3 = 1, 4, 10, 25, 40, 100 / n_5 = 1, 6
n = 602 / n_2 = 1, 7, 43, 301 / n_7 = 1, 43 / n_43 = 1
n = 604 / n_2 = 1, 151 / n_151 = 1
n = 606 / n_2 = 1, 3, 101, 303 / n_3 = 1, 202 / n_101 = 1
n = 608 / n_2 = 1, 19 / n_19 = 1
n = 610 / n_2 = 1, 5, 61, 305 / n_5 = 1, 61 / n_61 = 1
n = 612 / n_2 = 1, 3, 9, 17, 51, 153 / n_3 = 1, 4, 34 / n_17 = 1, 18
n = 614 / n_2 = 1, 307 / n_307 = 1
n = 616 / n_2 = 1, 7, 11, 77 / n_7 = 1, 8, 22 / n_11 = 1, 56
n = 618 / n_2 = 1, 3, 103, 309 / n_3 = 1, 103 / n_103 = 1
n = 620 / n_2 = 1, 5, 31, 155 / n_5 = 1, 31 / n_31 = 1
n = 622 / n_2 = 1, 311 / n_311 = 1
n = 624 / n_2 = 1, 3, 13, 39 / n_3 = 1, 4, 13, 16, 52, 208 / n_13 = 1
n = 626 / n_2 = 1, 313 / n_313 = 1
n = 628 / n_2 = 1, 157 / n_157 = 1
n = 630 / n_2 = 1, 3, 5, 7, 9, 15, 21, 35, 45, 63, 105, 315 / n_3 = 1, 7, 10, 70 / n_5 = 1, 6, 21, 126 / n_7 = 1, 15
n = 632 / n_2 = 1, 79 / n_79 = 1
n = 634 / n_2 = 1, 317 / n_317 = 1
n = 636 / n_2 = 1, 3, 53, 159 / n_3 = 1, 4, 106 / n_53 = 1
n = 638 / n_2 = 1, 11, 29, 319 / n_11 = 1 / n_29 = 1
n = 640 / n_2 = 1, 5 / n_5 = 1, 16
n = 642 / n_2 = 1, 3, 107, 321 / n_3 = 1, 214 / n_107 = 1
n = 644 / n_2 = 1, 7, 23, 161 / n_7 = 1, 92 / n_23 = 1
n = 646 / n_2 = 1, 17, 19, 323 / n_17 = 1 / n_19 = 1
n = 648 / n_2 = 1, 3, 9, 27, 81 / n_3 = 1, 4
n = 650 / n_2 = 1, 5, 13, 25, 65, 325 / n_5 = 1, 26 / n_13 = 1
n = 652 / n_2 = 1, 163 / n_163 = 1
n = 654 / n_2 = 1, 3, 109, 327 / n_3 = 1, 109 / n_109 = 1
n = 656 / n_2 = 1, 41 / n_41 = 1
n = 658 / n_2 = 1, 7, 47, 329 / n_7 = 1 / n_47 = 1
n = 660 / n_2 = 1, 3, 5, 11, 15, 33, 55, 165 / n_3 = 1, 4, 10, 22, 55, 220 / n_5 = 1, 6, 11, 66 / n_11 = 1, 12
n = 662 / n_2 = 1, 331 / n_331 = 1
n = 664 / n_2 = 1, 83 / n_83 = 1
n = 666 / n_2 = 1, 3, 9, 37, 111, 333 / n_3 = 1, 37 / n_37 = 1
n = 668 / n_2 = 1, 167 / n_167 = 1
n = 670 / n_2 = 1, 5, 67, 335 / n_5 = 1 / n_67 = 1
n = 672 / n_2 = 1, 3, 7, 21 / n_3 = 1, 4, 7, 16, 28, 112 / n_7 = 1, 8
n = 674 / n_2 = 1, 337 / n_337 = 1
n = 676 / n_2 = 1, 13, 169 / n_13 = 1
n = 678 / n_2 = 1, 3, 113, 339 / n_3 = 1, 226 / n_113 = 1
n = 680 / n_2 = 1, 5, 17, 85 / n_5 = 1, 136 / n_17 = 1
n = 682 / n_2 = 1, 11, 31, 341 / n_11 = 1 / n_31 = 1
n = 684 / n_2 = 1, 3, 9, 19, 57, 171 / n_3 = 1, 4, 19, 76 / n_19 = 1
n = 686 / n_2 = 1, 7, 49, 343 / n_7 = 1
n = 688 / n_2 = 1, 43 / n_43 = 1
n = 690 / n_2 = 1, 3, 5, 15, 23, 69, 115, 345 / n_3 = 1, 10, 46, 115 / n_5 = 1, 6, 46 / n_23 = 1
n = 692 / n_2 = 1, 173 / n_173 = 1
n = 694 / n_2 = 1, 347 / n_347 = 1
n = 696 / n_2 = 1, 3, 29, 87 / n_3 = 1, 4, 58, 232 / n_29 = 1
n = 698 / n_2 = 1, 349 / n_349 = 1
n = 700 / n_2 = 1, 5, 7, 25, 35, 175 / n_5 = 1 / n_7 = 1, 50
n = 702 / n_2 = 1, 3, 9, 13, 27, 39, 117, 351 / n_3 = 1, 13 / n_13 = 1, 27
n = 704 / n_2 = 1, 11 / n_11 = 1
n = 706 / n_2 = 1, 353 / n_353 = 1
n = 708 / n_2 = 1, 3, 59, 177 / n_3 = 1, 4, 118 / n_59 = 1
n = 710 / n_2 = 1, 5, 71, 355 / n_5 = 1, 71 / n_71 = 1
n = 712 / n_2 = 1, 89 / n_89 = 1
n = 714 / n_2 = 1, 3, 7, 17, 21, 51, 119, 357 / n_3 = 1, 7, 34, 238 / n_7 = 1 / n_17 = 1
n = 716 / n_2 = 1, 179 / n_179 = 1
n = 718 / n_2 = 1, 359 / n_359 = 1
n = 720 / n_2 = 1, 3, 5, 9, 15, 45 / n_3 = 1, 4, 10, 16, 40 / n_5 = 1, 6, 16, 36
n = 722 / n_2 = 1, 19, 361 / n_19 = 1
n = 724 / n_2 = 1, 181 / n_181 = 1
n = 726 / n_2 = 1, 3, 11, 33, 121, 363 / n_3 = 1, 22, 121 / n_11 = 1
n = 728 / n_2 = 1, 7, 13, 91 / n_7 = 1, 8 / n_13 = 1, 14
n = 730 / n_2 = 1, 5, 73, 365 / n_5 = 1, 146 / n_73 = 1
n = 732 / n_2 = 1, 3, 61, 183 / n_3 = 1, 4, 61, 244 / n_61 = 1
n = 734 / n_2 = 1, 367 / n_367 = 1
n = 736 / n_2 = 1, 23 / n_23 = 1
n = 738 / n_2 = 1, 3, 9, 41, 123, 369 / n_3 = 1, 82 / n_41 = 1
n = 740 / n_2 = 1, 5, 37, 185 / n_5 = 1 / n_37 = 1
n = 742 / n_2 = 1, 7, 53, 371 / n_7 = 1, 106 / n_53 = 1
n = 744 / n_2 = 1, 3, 31, 93 / n_3 = 1, 4, 31, 124 / n_31 = 1
n = 746 / n_2 = 1, 373 / n_373 = 1
n = 748 / n_2 = 1, 11, 17, 187 / n_11 = 1, 34 / n_17 = 1
n = 750 / n_2 = 1, 3, 5, 15, 25, 75, 125, 375 / n_3 = 1, 10, 25, 250 / n_5 = 1, 6
n = 752 / n_2 = 1, 47 / n_47 = 1
n = 754 / n_2 = 1, 13, 29, 377 / n_13 = 1 / n_29 = 1
n = 756 / n_2 = 1, 3, 7, 9, 21, 27, 63, 189 / n_3 = 1, 4, 7, 28 / n_7 = 1, 36
n = 758 / n_2 = 1, 379 / n_379 = 1
n = 760 / n_2 = 1, 5, 19, 95 / n_5 = 1, 76 / n_19 = 1, 20
n = 762 / n_2 = 1, 3, 127, 381 / n_3 = 1, 127 / n_127 = 1
n = 764 / n_2 = 1, 191 / n_191 = 1
n = 766 / n_2 = 1, 383 / n_383 = 1
n = 768 / n_2 = 1, 3 / n_3 = 1, 4, 16, 64, 256
n = 770 / n_2 = 1, 5, 7, 11, 35, 55, 77, 385 / n_5 = 1, 11 / n_7 = 1, 22 / n_11 = 1
n = 772 / n_2 = 1, 193 / n_193 = 1
n = 774 / n_2 = 1, 3, 9, 43, 129, 387 / n_3 = 1, 43 / n_43 = 1
n = 776 / n_2 = 1, 97 / n_97 = 1
n = 778 / n_2 = 1, 389 / n_389 = 1
n = 780 / n_2 = 1, 3, 5, 13, 15, 39, 65, 195 / n_3 = 1, 4, 10, 13, 52, 130 / n_5 = 1, 6, 26, 156 / n_13 = 1
n = 782 / n_2 = 1, 17, 23, 391 / n_17 = 1 / n_23 = 1
n = 784 / n_2 = 1, 7, 49 / n_7 = 1, 8
n = 786 / n_2 = 1, 3, 131, 393 / n_3 = 1, 262 / n_131 = 1
n = 788 / n_2 = 1, 197 / n_197 = 1
n = 790 / n_2 = 1, 5, 79, 395 / n_5 = 1 / n_79 = 1
n = 792 / n_2 = 1, 3, 9, 11, 33, 99 / n_3 = 1, 4, 22, 88 / n_11 = 1, 12
n = 794 / n_2 = 1, 397 / n_397 = 1
n = 796 / n_2 = 1, 199 / n_199 = 1
n = 798 / n_2 = 1, 3, 7, 19, 21, 57, 133, 399 / n_3 = 1, 7, 19, 133 / n_7 = 1, 57 / n_19 = 1
n = 800 / n_2 = 1, 5, 25 / n_5 = 1, 16
n = 802 / n_2 = 1, 401 / n_401 = 1
n = 804 / n_2 = 1, 3, 67, 201 / n_3 = 1, 4, 67, 268 / n_67 = 1
n = 806 / n_2 = 1, 13, 31, 403 / n_13 = 1 / n_31 = 1
n = 808 / n_2 = 1, 101 / n_101 = 1
n = 810 / n_2 = 1, 3, 5, 9, 15, 27, 45, 81, 135, 405 / n_3 = 1, 10 / n_5 = 1, 6, 81
n = 812 / n_2 = 1, 7, 29, 203 / n_7 = 1, 29 / n_29 = 1
n = 814 / n_2 = 1, 11, 37, 407 / n_11 = 1 / n_37 = 1
n = 816 / n_2 = 1, 3, 17, 51 / n_3 = 1, 4, 16, 34, 136 / n_17 = 1
n = 818 / n_2 = 1, 409 / n_409 = 1
n = 820 / n_2 = 1, 5, 41, 205 / n_5 = 1, 41 / n_41 = 1
n = 822 / n_2 = 1, 3, 137, 411 / n_3 = 1, 274 / n_137 = 1
n = 824 / n_2 = 1, 103 / n_103 = 1
n = 826 / n_2 = 1, 7, 59, 413 / n_7 = 1 / n_59 = 1
n = 828 / n_2 = 1, 3, 9, 23, 69, 207 / n_3 = 1, 4, 46 / n_23 = 1
n = 830 / n_2 = 1, 5, 83, 415 / n_5 = 1, 166 / n_83 = 1
n = 832 / n_2 = 1, 13 / n_13 = 1
n = 834 / n_2 = 1, 3, 139, 417 / n_3 = 1, 139 / n_139 = 1
n = 836 / n_2 = 1, 11, 19, 209 / n_11 = 1 / n_19 = 1
n = 838 / n_2 = 1, 419 / n_419 = 1
n = 840 / n_2 = 1, 3, 5, 7, 15, 21, 35, 105 / n_3 = 1, 4, 7, 10, 28, 40, 70, 280 / n_5 = 1, 6, 21, 56 / n_7 = 1, 8, 15, 120
n = 842 / n_2 = 1, 421 / n_421 = 1
n = 844 / n_2 = 1, 211 / n_211 = 1
n = 846 / n_2 = 1, 3, 9, 47, 141, 423 / n_3 = 1, 94 / n_47 = 1
n = 848 / n_2 = 1, 53 / n_53 = 1
n = 850 / n_2 = 1, 5, 17, 25, 85, 425 / n_5 = 1 / n_17 = 1
n = 852 / n_2 = 1, 3, 71, 213 / n_3 = 1, 4, 142 / n_71 = 1
n = 854 / n_2 = 1, 7, 61, 427 / n_7 = 1 / n_61 = 1
n = 856 / n_2 = 1, 107 / n_107 = 1
n = 858 / n_2 = 1, 3, 11, 13, 33, 39, 143, 429 / n_3 = 1, 13, 22, 286 / n_11 = 1, 78 / n_13 = 1, 66
n = 860 / n_2 = 1, 5, 43, 215 / n_5 = 1, 86 / n_43 = 1
n = 862 / n_2 = 1, 431 / n_431 = 1
n = 864 / n_2 = 1, 3, 9, 27 / n_3 = 1, 4, 16
n = 866 / n_2 = 1, 433 / n_433 = 1
n = 868 / n_2 = 1, 7, 31, 217 / n_7 = 1 / n_31 = 1
n = 870 / n_2 = 1, 3, 5, 15, 29, 87, 145, 435 / n_3 = 1, 10, 58, 145 / n_5 = 1, 6 / n_29 = 1, 30
n = 872 / n_2 = 1, 109 / n_109 = 1
n = 874 / n_2 = 1, 19, 23, 437 / n_19 = 1 / n_23 = 1
n = 876 / n_2 = 1, 3, 73, 219 / n_3 = 1, 4, 73, 292 / n_73 = 1
n = 878 / n_2 = 1, 439 / n_439 = 1
n = 880 / n_2 = 1, 5, 11, 55 / n_5 = 1, 11, 16, 176 / n_11 = 1
n = 882 / n_2 = 1, 3, 7, 9, 21, 49, 63, 147, 441 / n_3 = 1, 7, 49 / n_7 = 1
n = 884 / n_2 = 1, 13, 17, 221 / n_13 = 1 / n_17 = 1, 52
n = 886 / n_2 = 1, 443 / n_443 = 1
n = 888 / n_2 = 1, 3, 37, 111 / n_3 = 1, 4, 37, 148 / n_37 = 1
n = 890 / n_2 = 1, 5, 89, 445 / n_5 = 1 / n_89 = 1
n = 892 / n_2 = 1, 223 / n_223 = 1
n = 894 / n_2 = 1, 3, 149, 447 / n_3 = 1, 298 / n_149 = 1
n = 896 / n_2 = 1, 7 / n_7 = 1, 8, 64
n = 898 / n_2 = 1, 449 / n_449 = 1
n = 900 / n_2 = 1, 3, 5, 9, 15, 25, 45, 75, 225 / n_3 = 1, 4, 10, 25, 100 / n_5 = 1, 6, 36
n = 902 / n_2 = 1, 11, 41, 451 / n_11 = 1 / n_41 = 1
n = 904 / n_2 = 1, 113 / n_113 = 1
n = 906 / n_2 = 1, 3, 151, 453 / n_3 = 1, 151 / n_151 = 1
n = 908 / n_2 = 1, 227 / n_227 = 1
n = 910 / n_2 = 1, 5, 7, 13, 35, 65, 91, 455 / n_5 = 1, 26, 91 / n_7 = 1 / n_13 = 1, 14
n = 912 / n_2 = 1, 3, 19, 57 / n_3 = 1, 4, 16, 19, 76, 304 / n_19 = 1
n = 914 / n_2 = 1, 457 / n_457 = 1
n = 916 / n_2 = 1, 229 / n_229 = 1
n = 918 / n_2 = 1, 3, 9, 17, 27, 51, 153, 459 / n_3 = 1, 34 / n_17 = 1, 18
n = 920 / n_2 = 1, 5, 23, 115 / n_5 = 1, 46 / n_23 = 1
n = 922 / n_2 = 1, 461 / n_461 = 1
n = 924 / n_2 = 1, 3, 7, 11, 21, 33, 77, 231 / n_3 = 1, 4, 7, 22, 28, 154 / n_7 = 1, 22 / n_11 = 1, 12
n = 926 / n_2 = 1, 463 / n_463 = 1
n = 928 / n_2 = 1, 29 / n_29 = 1
n = 930 / n_2 = 1, 3, 5, 15, 31, 93, 155, 465 / n_3 = 1, 10, 31, 310 / n_5 = 1, 6, 31, 186 / n_31 = 1
n = 932 / n_2 = 1, 233 / n_233 = 1
n = 934 / n_2 = 1, 467 / n_467 = 1
n = 936 / n_2 = 1, 3, 9, 13, 39, 117 / n_3 = 1, 4, 13, 52 / n_13 = 1
n = 938 / n_2 = 1, 7, 67, 469 / n_7 = 1, 134 / n_67 = 1
n = 940 / n_2 = 1, 5, 47, 235 / n_5 = 1 / n_47 = 1
n = 942 / n_2 = 1, 3, 157, 471 / n_3 = 1, 157 / n_157 = 1
n = 944 / n_2 = 1, 59 / n_59 = 1
n = 946 / n_2 = 1, 11, 43, 473 / n_11 = 1 / n_43 = 1
n = 948 / n_2 = 1, 3, 79, 237 / n_3 = 1, 4, 79, 316 / n_79 = 1
n = 950 / n_2 = 1, 5, 19, 25, 95, 475 / n_5 = 1 / n_19 = 1
n = 952 / n_2 = 1, 7, 17, 119 / n_7 = 1, 8 / n_17 = 1
n = 954 / n_2 = 1, 3, 9, 53, 159, 477 / n_3 = 1, 106 / n_53 = 1
n = 956 / n_2 = 1, 239 / n_239 = 1
n = 958 / n_2 = 1, 479 / n_479 = 1
n = 960 / n_2 = 1, 3, 5, 15 / n_3 = 1, 4, 10, 16, 40, 64, 160 / n_5 = 1, 6, 16, 96
n = 962 / n_2 = 1, 13, 37, 481 / n_13 = 1 / n_37 = 1
n = 964 / n_2 = 1, 241 / n_241 = 1
n = 966 / n_2 = 1, 3, 7, 21, 23, 69, 161, 483 / n_3 = 1, 7, 46, 322 / n_7 = 1 / n_23 = 1
n = 968 / n_2 = 1, 11, 121 / n_11 = 1
n = 970 / n_2 = 1, 5, 97, 485 / n_5 = 1 / n_97 = 1
n = 972 / n_2 = 1, 3, 9, 27, 81, 243 / n_3 = 1, 4
n = 974 / n_2 = 1, 487 / n_487 = 1
n = 976 / n_2 = 1, 61 / n_61 = 1
n = 978 / n_2 = 1, 3, 163, 489 / n_3 = 1, 163 / n_163 = 1
n = 980 / n_2 = 1, 5, 7, 35, 49, 245 / n_5 = 1, 196 / n_7 = 1
n = 982 / n_2 = 1, 491 / n_491 = 1
n = 984 / n_2 = 1, 3, 41, 123 / n_3 = 1, 4, 82, 328 / n_41 = 1
n = 986 / n_2 = 1, 17, 29, 493 / n_17 = 1 / n_29 = 1
n = 988 / n_2 = 1, 13, 19, 247 / n_13 = 1 / n_19 = 1
n = 990 / n_2 = 1, 3, 5, 9, 11, 15, 33, 45, 55, 99, 165, 495 / n_3 = 1, 10, 22, 55 / n_5 = 1, 6, 11, 66 / n_11 = 1, 45
n = 992 / n_2 = 1, 31 / n_31 = 1, 32
n = 994 / n_2 = 1, 7, 71, 497 / n_7 = 1, 71 / n_71 = 1
n = 996 / n_2 = 1, 3, 83, 249 / n_3 = 1, 4, 166 / n_83 = 1
n = 998 / n_2 = 1, 499 / n_499 = 1
